源.obj : error LNK2019: 无法解析的外部符号 print，函数 main 中引用了该符号
D:\c语言文件\Project3\x64\Debug\Project3.exe : fatal error LNK1120: 1 个无法解析的外部命令
